<yolo id="1&amp;2">Hello</yolo>
