<yolo id="1234">Hello</yolo>
