<yolo>Me &amp; Me</yolo>
