<note>
    <to>Tove</to>
    <from>Jani</from>
    <heading>Reminder</heading>
    <body>This is <b>Sparta!</b></body>
</note>
