<yolo id="y">
    This is Sparta!<!--Technically it's not-->
</yolo>
<!--This comment comes last-->
